<?xml version="1.0" encoding="UTF-8"?>
<testsuite name="com.demo.pom.tests.OptimizedTodoTest" tests="1" skipped="0" failures="0" errors="0" timestamp="2026-03-04T18:46:20.161Z" hostname="DESKTOP-1OISVUT" time="3.454">
  <properties/>
  <testcase name="[POM] Agregar tareas, validar lista y eliminar" classname="com.demo.pom.tests.OptimizedTodoTest" time="3.442"/>
  <system-out><![CDATA[[POM] ✓ Test pasó.
      Observa que NINGUNA línea del test menciona
      'task-input', 'add-btn' ni 'delete-btn'.
      Si el HTML cambia, solo actualizamos TodoPage.
]]></system-out>
  <system-err><![CDATA[mar. 04, 2026 3:46:21 P. M. org.openqa.selenium.devtools.CdpVersionFinder findNearestMatch
WARNING: Unable to find CDP implementation matching 145
mar. 04, 2026 3:46:21 P. M. org.openqa.selenium.chromium.ChromiumDriver lambda$new$5
WARNING: Unable to find version of CDP to use for 145.0.3800.82. You may need to include a dependency on a specific version of the CDP using something similar to `org.seleniumhq.selenium:selenium-devtools-v86:4.27.0` where the version ("v86") matches the version of the chromium-based browser you're using and the version number of the artifact is the same as Selenium's.
]]></system-err>
</testsuite>
